lib_recorder/build/outputs/logs/manifest-merger-debug-report.txt
-- Merging decision tree log ---
manifest
ADDED from src\main\AndroidManifest.xml:1:1-51:12
INJECTED from src\main\AndroidManifest.xml:1:1-51:12
INJECTED from src\main\AndroidManifest.xml:1:1-51:12
INJECTED from src\main\AndroidManifest.xml:1:1-51:12
INJECTED from src\main\AndroidManifest.xml:1:1-51:12
INJECTED from src\main\AndroidManifest.xml:1:1-51:12
INJECTED from src\main\AndroidManifest.xml:1:1-51:12
	package
		ADDED from src\main\AndroidManifest.xml:3:5-30
		INJECTED from src\main\AndroidManifest.xml
		INJECTED from src\main\AndroidManifest.xml
	android:versionName
		INJECTED from src\main\AndroidManifest.xml
		ADDED from src\main\AndroidManifest.xml:1:1-51:12
		INJECTED from src\main\AndroidManifest.xml
	xmlns:tools
		ADDED from src\main\AndroidManifest.xml:2:5-51
	android:versionCode
		INJECTED from src\main\AndroidManifest.xml
		ADDED from src\main\AndroidManifest.xml:1:1-51:12
		INJECTED from src\main\AndroidManifest.xml
	xmlns:android
		ADDED from src\main\AndroidManifest.xml:1:11-69
application
ADDED from src\main\AndroidManifest.xml:5:5-49:19
	android:supportsRtl
		ADDED from src\main\AndroidManifest.xml:6:9-35
	android:label
		ADDED from src\main\AndroidManifest.xml:5:18-50
activity#com.aliyun.demo.snap.SnapCropSetting
ADDED from src\main\AndroidManifest.xml:7:9-14:20
	android:screenOrientation
		ADDED from src\main\AndroidManifest.xml:8:13-49
	android:windowSoftInputMode
		ADDED from src\main\AndroidManifest.xml:9:13-52
	android:name
		ADDED from src\main\AndroidManifest.xml:7:19-70
intent-filter#android.intent.category.DEFAULT+com.aliyun.action.snapcrop
ADDED from src\main\AndroidManifest.xml:10:13-13:29
action#com.aliyun.action.snapcrop
ADDED from src\main\AndroidManifest.xml:11:17-68
	android:name
		ADDED from src\main\AndroidManifest.xml:11:25-66
category#android.intent.category.DEFAULT
ADDED from src\main\AndroidManifest.xml:12:17-75
	android:name
		ADDED from src\main\AndroidManifest.xml:12:27-73
activity#com.aliyun.demo.snap.SnapRecorderSetting
ADDED from src\main\AndroidManifest.xml:15:9-22:20
	android:screenOrientation
		ADDED from src\main\AndroidManifest.xml:16:13-49
	android:windowSoftInputMode
		ADDED from src\main\AndroidManifest.xml:17:13-52
	android:name
		ADDED from src\main\AndroidManifest.xml:15:19-74
intent-filter#android.intent.category.DEFAULT+com.aliyun.action.snaprecorder
ADDED from src\main\AndroidManifest.xml:18:13-21:29
action#com.aliyun.action.snaprecorder
ADDED from src\main\AndroidManifest.xml:19:17-72
	android:name
		ADDED from src\main\AndroidManifest.xml:19:25-70
activity#com.aliyun.demo.crop.MediaActivity
ADDED from src\main\AndroidManifest.xml:24:9-32:20
	android:screenOrientation
		ADDED from src\main\AndroidManifest.xml:27:13-49
	android:theme
		ADDED from src\main\AndroidManifest.xml:25:13-55
	tools:replace
		ADDED from src\main\AndroidManifest.xml:26:13-42
	android:name
		ADDED from src\main\AndroidManifest.xml:24:19-68
intent-filter#android.intent.category.DEFAULT+com.aliyun.action.crop
ADDED from src\main\AndroidManifest.xml:28:13-31:29
action#com.aliyun.action.crop
ADDED from src\main\AndroidManifest.xml:29:17-64
	android:name
		ADDED from src\main\AndroidManifest.xml:29:25-62
activity#com.aliyun.demo.crop.AliyunVideoCrop
ADDED from src\main\AndroidManifest.xml:34:9-38:20
	android:screenOrientation
		ADDED from src\main\AndroidManifest.xml:37:13-49
	android:theme
		ADDED from src\main\AndroidManifest.xml:35:13-55
	tools:replace
		ADDED from src\main\AndroidManifest.xml:36:13-42
	android:name
		ADDED from src\main\AndroidManifest.xml:34:19-70
activity#com.aliyun.demo.recorder.AliyunVideoRecorder
ADDED from src\main\AndroidManifest.xml:40:9-48:20
	android:screenOrientation
		ADDED from src\main\AndroidManifest.xml:43:13-49
	android:theme
		ADDED from src\main\AndroidManifest.xml:41:13-55
	tools:replace
		ADDED from src\main\AndroidManifest.xml:42:13-42
	android:name
		ADDED from src\main\AndroidManifest.xml:40:19-78
intent-filter#android.intent.category.DEFAULT+com.aliyun.action.recorder
ADDED from src\main\AndroidManifest.xml:44:13-47:29
action#com.aliyun.action.recorder
ADDED from src\main\AndroidManifest.xml:45:17-68
	android:name
		ADDED from src\main\AndroidManifest.xml:45:25-66
uses-sdk
INJECTED from src\main\AndroidManifest.xml reason: use-sdk injection requested
INJECTED from src\main\AndroidManifest.xml
INJECTED from src\main\AndroidManifest.xml
INJECTED from src\main\AndroidManifest.xml
INJECTED from src\main\AndroidManifest.xml
	android:targetSdkVersion
		INJECTED from src\main\AndroidManifest.xml
		ADDED from src\main\AndroidManifest.xml
		INJECTED from src\main\AndroidManifest.xml
	android:minSdkVersion
		INJECTED from src\main\AndroidManifest.xml
		ADDED from src\main\AndroidManifest.xml
		INJECTED from src\main\AndroidManifest.xml